<?xml version="1.0" encoding="UTF-8"?>
<!-- Generated by org.testng.reporters.JUnitXMLReporter -->
<testsuite ignored="0" hostname="LAPTOP-VGRMM4B4" failures="0" tests="16" name="Default test" time="232.733" errors="0" timestamp="2023-05-02T10:12:35 IST">
  <testcase classname="com.WithPOM.AllTests" name="AutomobileTest" time="14.861"/>
  <testcase classname="com.WithPOM.AllTests" name="AutomobileTest" time="14.212"/>
  <testcase classname="com.WithPOM.AllTests" name="AutomobileTest" time="13.631"/>
  <testcase classname="com.WithPOM.AllTests" name="AutomobileTest" time="13.671"/>
  <testcase classname="com.WithPOM.AllTests" name="CamperTest" time="13.907"/>
  <testcase classname="com.WithPOM.AllTests" name="CamperTest" time="13.541"/>
  <testcase classname="com.WithPOM.AllTests" name="CamperTest" time="13.691"/>
  <testcase classname="com.WithPOM.AllTests" name="CamperTest" time="13.789"/>
  <testcase classname="com.WithPOM.AllTests" name="MotorcycleTest" time="14.438"/>
  <testcase classname="com.WithPOM.AllTests" name="MotorcycleTest" time="13.266"/>
  <testcase classname="com.WithPOM.AllTests" name="MotorcycleTest" time="13.24"/>
  <testcase classname="com.WithPOM.AllTests" name="MotorcycleTest" time="13.553"/>
  <testcase classname="com.WithPOM.AllTests" name="TruckTest" time="13.617"/>
  <testcase classname="com.WithPOM.AllTests" name="TruckTest" time="13.405"/>
  <testcase classname="com.WithPOM.AllTests" name="TruckTest" time="13.929"/>
  <testcase classname="com.WithPOM.AllTests" name="TruckTest" time="14.09"/>
</testsuite> <!-- Default test -->
