<?xml version="1.0" encoding="UTF-8"?>
<testng-results ignored="0" total="16" passed="16" failed="0" skipped="0">
  <reporter-output>
  </reporter-output>
  <suite started-at="2023-05-02T10:08:42 IST" name="Default suite" finished-at="2023-05-02T10:12:35 IST" duration-ms="232733">
    <groups>
    </groups>
    <test started-at="2023-05-02T10:08:42 IST" name="Default test" finished-at="2023-05-02T10:12:35 IST" duration-ms="232733">
      <class name="com.WithPOM.AllTests">
        <test-method is-config="true" signature="beforeTest()[pri:0, instance:com.WithPOM.AllTests@6f96c77]" started-at="2023-05-02T10:08:42 IST" name="beforeTest" finished-at="2023-05-02T10:08:54 IST" duration-ms="11776" status="PASS">
          <reporter-output>
          </reporter-output>
        </test-method> <!-- beforeTest -->
        <test-method signature="AutomobileTest(java.lang.String,java.lang.String,java.lang.String,java.lang.String,java.lang.String)[pri:0, instance:com.WithPOM.AllTests@6f96c77]" started-at="2023-05-02T10:08:54 IST" name="AutomobileTest" data-provider="getAutomobileData" finished-at="2023-05-02T10:09:08 IST" duration-ms="14861" status="PASS">
          <params>
            <param index="0">
              <value>
                <![CDATA[235.00]]>
              </value>
            </param>
            <param index="1">
              <value>
                <![CDATA[No]]>
              </value>
            </param>
            <param index="2">
              <value>
                <![CDATA[No]]>
              </value>
            </param>
            <param index="3">
              <value>
                <![CDATA[No]]>
              </value>
            </param>
            <param index="4">
              <value>
                <![CDATA[Silver]]>
              </value>
            </param>
          </params>
          <reporter-output>
          </reporter-output>
        </test-method> <!-- AutomobileTest -->
        <test-method signature="AutomobileTest(java.lang.String,java.lang.String,java.lang.String,java.lang.String,java.lang.String)[pri:0, instance:com.WithPOM.AllTests@6f96c77]" started-at="2023-05-02T10:09:08 IST" name="AutomobileTest" data-provider="getAutomobileData" finished-at="2023-05-02T10:09:23 IST" duration-ms="14212" status="PASS">
          <params>
            <param index="0">
              <value>
                <![CDATA[692.00]]>
              </value>
            </param>
            <param index="1">
              <value>
                <![CDATA[Submit]]>
              </value>
            </param>
            <param index="2">
              <value>
                <![CDATA[2]]>
              </value>
            </param>
            <param index="3">
              <value>
                <![CDATA[Limited]]>
              </value>
            </param>
            <param index="4">
              <value>
                <![CDATA[Gold]]>
              </value>
            </param>
          </params>
          <reporter-output>
          </reporter-output>
        </test-method> <!-- AutomobileTest -->
        <test-method signature="AutomobileTest(java.lang.String,java.lang.String,java.lang.String,java.lang.String,java.lang.String)[pri:0, instance:com.WithPOM.AllTests@6f96c77]" started-at="2023-05-02T10:09:23 IST" name="AutomobileTest" data-provider="getAutomobileData" finished-at="2023-05-02T10:09:36 IST" duration-ms="13631" status="PASS">
          <params>
            <param index="0">
              <value>
                <![CDATA[1,359.00]]>
              </value>
            </param>
            <param index="1">
              <value>
                <![CDATA[Submit]]>
              </value>
            </param>
            <param index="2">
              <value>
                <![CDATA[5]]>
              </value>
            </param>
            <param index="3">
              <value>
                <![CDATA[Limited]]>
              </value>
            </param>
            <param index="4">
              <value>
                <![CDATA[Platinum]]>
              </value>
            </param>
          </params>
          <reporter-output>
          </reporter-output>
        </test-method> <!-- AutomobileTest -->
        <test-method signature="AutomobileTest(java.lang.String,java.lang.String,java.lang.String,java.lang.String,java.lang.String)[pri:0, instance:com.WithPOM.AllTests@6f96c77]" started-at="2023-05-02T10:09:36 IST" name="AutomobileTest" data-provider="getAutomobileData" finished-at="2023-05-02T10:09:50 IST" duration-ms="13671" status="PASS">
          <params>
            <param index="0">
              <value>
                <![CDATA[2,590.00]]>
              </value>
            </param>
            <param index="1">
              <value>
                <![CDATA[Submit]]>
              </value>
            </param>
            <param index="2">
              <value>
                <![CDATA[10]]>
              </value>
            </param>
            <param index="3">
              <value>
                <![CDATA[Unlimited]]>
              </value>
            </param>
            <param index="4">
              <value>
                <![CDATA[Ultimate]]>
              </value>
            </param>
          </params>
          <reporter-output>
          </reporter-output>
        </test-method> <!-- AutomobileTest -->
        <test-method signature="CamperTest(java.lang.String,java.lang.String,java.lang.String,java.lang.String,java.lang.String)[pri:0, instance:com.WithPOM.AllTests@6f96c77]" started-at="2023-05-02T10:09:50 IST" name="CamperTest" data-provider="getCamperData" finished-at="2023-05-02T10:10:04 IST" duration-ms="13907" status="PASS">
          <params>
            <param index="0">
              <value>
                <![CDATA[301.00]]>
              </value>
            </param>
            <param index="1">
              <value>
                <![CDATA[No]]>
              </value>
            </param>
            <param index="2">
              <value>
                <![CDATA[No]]>
              </value>
            </param>
            <param index="3">
              <value>
                <![CDATA[No]]>
              </value>
            </param>
            <param index="4">
              <value>
                <![CDATA[Silver]]>
              </value>
            </param>
          </params>
          <reporter-output>
          </reporter-output>
        </test-method> <!-- CamperTest -->
        <test-method signature="CamperTest(java.lang.String,java.lang.String,java.lang.String,java.lang.String,java.lang.String)[pri:0, instance:com.WithPOM.AllTests@6f96c77]" started-at="2023-05-02T10:10:04 IST" name="CamperTest" data-provider="getCamperData" finished-at="2023-05-02T10:10:17 IST" duration-ms="13541" status="PASS">
          <params>
            <param index="0">
              <value>
                <![CDATA[886.00]]>
              </value>
            </param>
            <param index="1">
              <value>
                <![CDATA[Submit]]>
              </value>
            </param>
            <param index="2">
              <value>
                <![CDATA[2]]>
              </value>
            </param>
            <param index="3">
              <value>
                <![CDATA[Limited]]>
              </value>
            </param>
            <param index="4">
              <value>
                <![CDATA[Gold]]>
              </value>
            </param>
          </params>
          <reporter-output>
          </reporter-output>
        </test-method> <!-- CamperTest -->
        <test-method signature="CamperTest(java.lang.String,java.lang.String,java.lang.String,java.lang.String,java.lang.String)[pri:0, instance:com.WithPOM.AllTests@6f96c77]" started-at="2023-05-02T10:10:17 IST" name="CamperTest" data-provider="getCamperData" finished-at="2023-05-02T10:10:31 IST" duration-ms="13691" status="PASS">
          <params>
            <param index="0">
              <value>
                <![CDATA[1,740.00]]>
              </value>
            </param>
            <param index="1">
              <value>
                <![CDATA[Submit]]>
              </value>
            </param>
            <param index="2">
              <value>
                <![CDATA[5]]>
              </value>
            </param>
            <param index="3">
              <value>
                <![CDATA[Limited]]>
              </value>
            </param>
            <param index="4">
              <value>
                <![CDATA[Platinum]]>
              </value>
            </param>
          </params>
          <reporter-output>
          </reporter-output>
        </test-method> <!-- CamperTest -->
        <test-method signature="CamperTest(java.lang.String,java.lang.String,java.lang.String,java.lang.String,java.lang.String)[pri:0, instance:com.WithPOM.AllTests@6f96c77]" started-at="2023-05-02T10:10:31 IST" name="CamperTest" data-provider="getCamperData" finished-at="2023-05-02T10:10:45 IST" duration-ms="13789" status="PASS">
          <params>
            <param index="0">
              <value>
                <![CDATA[3,314.00]]>
              </value>
            </param>
            <param index="1">
              <value>
                <![CDATA[Submit]]>
              </value>
            </param>
            <param index="2">
              <value>
                <![CDATA[10]]>
              </value>
            </param>
            <param index="3">
              <value>
                <![CDATA[Unlimited]]>
              </value>
            </param>
            <param index="4">
              <value>
                <![CDATA[Ultimate]]>
              </value>
            </param>
          </params>
          <reporter-output>
          </reporter-output>
        </test-method> <!-- CamperTest -->
        <test-method signature="MotorcycleTest(java.lang.String,java.lang.String,java.lang.String,java.lang.String,java.lang.String)[pri:0, instance:com.WithPOM.AllTests@6f96c77]" started-at="2023-05-02T10:10:45 IST" name="MotorcycleTest" data-provider="getMotorcycleData" finished-at="2023-05-02T10:10:59 IST" duration-ms="14438" status="PASS">
          <params>
            <param index="0">
              <value>
                <![CDATA[412.00]]>
              </value>
            </param>
            <param index="1">
              <value>
                <![CDATA[No]]>
              </value>
            </param>
            <param index="2">
              <value>
                <![CDATA[No]]>
              </value>
            </param>
            <param index="3">
              <value>
                <![CDATA[No]]>
              </value>
            </param>
            <param index="4">
              <value>
                <![CDATA[Silver]]>
              </value>
            </param>
          </params>
          <reporter-output>
          </reporter-output>
        </test-method> <!-- MotorcycleTest -->
        <test-method signature="MotorcycleTest(java.lang.String,java.lang.String,java.lang.String,java.lang.String,java.lang.String)[pri:0, instance:com.WithPOM.AllTests@6f96c77]" started-at="2023-05-02T10:10:59 IST" name="MotorcycleTest" data-provider="getMotorcycleData" finished-at="2023-05-02T10:11:13 IST" duration-ms="13266" status="PASS">
          <params>
            <param index="0">
              <value>
                <![CDATA[1,213.00]]>
              </value>
            </param>
            <param index="1">
              <value>
                <![CDATA[Submit]]>
              </value>
            </param>
            <param index="2">
              <value>
                <![CDATA[2]]>
              </value>
            </param>
            <param index="3">
              <value>
                <![CDATA[Limited]]>
              </value>
            </param>
            <param index="4">
              <value>
                <![CDATA[Gold]]>
              </value>
            </param>
          </params>
          <reporter-output>
          </reporter-output>
        </test-method> <!-- MotorcycleTest -->
        <test-method signature="MotorcycleTest(java.lang.String,java.lang.String,java.lang.String,java.lang.String,java.lang.String)[pri:0, instance:com.WithPOM.AllTests@6f96c77]" started-at="2023-05-02T10:11:13 IST" name="MotorcycleTest" data-provider="getMotorcycleData" finished-at="2023-05-02T10:11:26 IST" duration-ms="13240" status="PASS">
          <params>
            <param index="0">
              <value>
                <![CDATA[2,381.00]]>
              </value>
            </param>
            <param index="1">
              <value>
                <![CDATA[Submit]]>
              </value>
            </param>
            <param index="2">
              <value>
                <![CDATA[5]]>
              </value>
            </param>
            <param index="3">
              <value>
                <![CDATA[Limited]]>
              </value>
            </param>
            <param index="4">
              <value>
                <![CDATA[Platinum]]>
              </value>
            </param>
          </params>
          <reporter-output>
          </reporter-output>
        </test-method> <!-- MotorcycleTest -->
        <test-method signature="MotorcycleTest(java.lang.String,java.lang.String,java.lang.String,java.lang.String,java.lang.String)[pri:0, instance:com.WithPOM.AllTests@6f96c77]" started-at="2023-05-02T10:11:26 IST" name="MotorcycleTest" data-provider="getMotorcycleData" finished-at="2023-05-02T10:11:39 IST" duration-ms="13553" status="PASS">
          <params>
            <param index="0">
              <value>
                <![CDATA[4,536.00]]>
              </value>
            </param>
            <param index="1">
              <value>
                <![CDATA[Submit]]>
              </value>
            </param>
            <param index="2">
              <value>
                <![CDATA[10]]>
              </value>
            </param>
            <param index="3">
              <value>
                <![CDATA[Unlimited]]>
              </value>
            </param>
            <param index="4">
              <value>
                <![CDATA[Ultimate]]>
              </value>
            </param>
          </params>
          <reporter-output>
          </reporter-output>
        </test-method> <!-- MotorcycleTest -->
        <test-method signature="TruckTest(java.lang.String,java.lang.String,java.lang.String,java.lang.String,java.lang.String)[pri:0, instance:com.WithPOM.AllTests@6f96c77]" started-at="2023-05-02T10:11:39 IST" name="TruckTest" data-provider="getTruckData" finished-at="2023-05-02T10:11:53 IST" duration-ms="13617" status="PASS">
          <params>
            <param index="0">
              <value>
                <![CDATA[298.00]]>
              </value>
            </param>
            <param index="1">
              <value>
                <![CDATA[No]]>
              </value>
            </param>
            <param index="2">
              <value>
                <![CDATA[No]]>
              </value>
            </param>
            <param index="3">
              <value>
                <![CDATA[No]]>
              </value>
            </param>
            <param index="4">
              <value>
                <![CDATA[Silver]]>
              </value>
            </param>
          </params>
          <reporter-output>
          </reporter-output>
        </test-method> <!-- TruckTest -->
        <test-method signature="TruckTest(java.lang.String,java.lang.String,java.lang.String,java.lang.String,java.lang.String)[pri:0, instance:com.WithPOM.AllTests@6f96c77]" started-at="2023-05-02T10:11:53 IST" name="TruckTest" data-provider="getTruckData" finished-at="2023-05-02T10:12:06 IST" duration-ms="13405" status="PASS">
          <params>
            <param index="0">
              <value>
                <![CDATA[897.00]]>
              </value>
            </param>
            <param index="1">
              <value>
                <![CDATA[Submit]]>
              </value>
            </param>
            <param index="2">
              <value>
                <![CDATA[2]]>
              </value>
            </param>
            <param index="3">
              <value>
                <![CDATA[Limited]]>
              </value>
            </param>
            <param index="4">
              <value>
                <![CDATA[Gold]]>
              </value>
            </param>
          </params>
          <reporter-output>
          </reporter-output>
        </test-method> <!-- TruckTest -->
        <test-method signature="TruckTest(java.lang.String,java.lang.String,java.lang.String,java.lang.String,java.lang.String)[pri:0, instance:com.WithPOM.AllTests@6f96c77]" started-at="2023-05-02T10:12:06 IST" name="TruckTest" data-provider="getTruckData" finished-at="2023-05-02T10:12:20 IST" duration-ms="13929" status="PASS">
          <params>
            <param index="0">
              <value>
                <![CDATA[1,725.00]]>
              </value>
            </param>
            <param index="1">
              <value>
                <![CDATA[Submit]]>
              </value>
            </param>
            <param index="2">
              <value>
                <![CDATA[5]]>
              </value>
            </param>
            <param index="3">
              <value>
                <![CDATA[Limited]]>
              </value>
            </param>
            <param index="4">
              <value>
                <![CDATA[Platinum]]>
              </value>
            </param>
          </params>
          <reporter-output>
          </reporter-output>
        </test-method> <!-- TruckTest -->
        <test-method signature="TruckTest(java.lang.String,java.lang.String,java.lang.String,java.lang.String,java.lang.String)[pri:0, instance:com.WithPOM.AllTests@6f96c77]" started-at="2023-05-02T10:12:20 IST" name="TruckTest" data-provider="getTruckData" finished-at="2023-05-02T10:12:35 IST" duration-ms="14090" status="PASS">
          <params>
            <param index="0">
              <value>
                <![CDATA[3,286.00]]>
              </value>
            </param>
            <param index="1">
              <value>
                <![CDATA[Submit]]>
              </value>
            </param>
            <param index="2">
              <value>
                <![CDATA[10]]>
              </value>
            </param>
            <param index="3">
              <value>
                <![CDATA[Unlimited]]>
              </value>
            </param>
            <param index="4">
              <value>
                <![CDATA[Ultimate]]>
              </value>
            </param>
          </params>
          <reporter-output>
          </reporter-output>
        </test-method> <!-- TruckTest -->
        <test-method is-config="true" signature="afterTest()[pri:0, instance:com.WithPOM.AllTests@6f96c77]" started-at="2023-05-02T10:12:35 IST" name="afterTest" finished-at="2023-05-02T10:12:35 IST" duration-ms="1" status="PASS">
          <reporter-output>
          </reporter-output>
        </test-method> <!-- afterTest -->
      </class> <!-- com.WithPOM.AllTests -->
    </test> <!-- Default test -->
  </suite> <!-- Default suite -->
</testng-results>
